[INFO] 06:39:45:933 YAMA/(3207:3207): Archivo de configuracion puerto DataNode : 5060 

[INFO] 06:39:45:934 YAMA/(3207:3207): Archivo de configuracion puerto worker : 5050 

[INFO] 06:39:45:934 YAMA/(3207:3207): Archivo de configuracion puerto fileSystem : 5000 

[INFO] 06:39:45:935 YAMA/(3207:3207): Archivo de configuracion ip fileSystem : 127.0.0.1 

[INFO] 06:39:45:959 YAMA/(3207:3207): Archivo de configuracion nombre nodo : NODO1 

[INFO] 06:39:45:960 YAMA/(3207:3207): Archivo de configuracion ruta data.bin : /home/utnso/tp-2017-2c-s1st3m4s_0p3r4t1v0s/data.bin 

[INFO] 06:39:45:961 YAMA/(3207:3207): SocketCliente = -1 

[INFO] 06:40:28:587 YAMA/(3229:3229): Archivo de configuracion puerto DataNode : 5060 

[INFO] 06:40:28:592 YAMA/(3229:3229): Archivo de configuracion puerto worker : 5050 

[INFO] 06:40:28:593 YAMA/(3229:3229): Archivo de configuracion puerto fileSystem : 5000 

[INFO] 06:40:28:598 YAMA/(3229:3229): Archivo de configuracion ip fileSystem : 127.0.0.1 

[INFO] 06:40:28:600 YAMA/(3229:3229): Archivo de configuracion nombre nodo : NODO1 

[INFO] 06:40:28:600 YAMA/(3229:3229): Archivo de configuracion ruta data.bin : /home/utnso/tp-2017-2c-s1st3m4s_0p3r4t1v0s/data.bin 

[INFO] 06:40:28:616 YAMA/(3229:3229): SocketCliente = 4 

[INFO] 06:40:28:622 YAMA/(3229:3229): Se recibio: Hola DataNode
[INFO] 06:47:37:270 YAMA/(3411:3411): Archivo de configuracion puerto DataNode : 5060 

[INFO] 06:47:37:274 YAMA/(3411:3411): Archivo de configuracion puerto worker : 5050 

[INFO] 06:47:37:275 YAMA/(3411:3411): Archivo de configuracion puerto fileSystem : 5000 

[INFO] 06:47:37:275 YAMA/(3411:3411): Archivo de configuracion ip fileSystem : 127.0.0.1 

[INFO] 06:47:37:276 YAMA/(3411:3411): Archivo de configuracion nombre nodo : NODO1 

[INFO] 06:47:37:276 YAMA/(3411:3411): Archivo de configuracion ruta data.bin : /home/utnso/tp-2017-2c-s1st3m4s_0p3r4t1v0s/data.bin 

[INFO] 06:47:37:280 YAMA/(3411:3411): SocketCliente = 4 

[INFO] 06:47:37:282 YAMA/(3411:3411): Se recibio: Hola DataNode
