[INFO] 23:39:33:505 YAMA/(4213:4213): HOLAAA
[INFO] 23:43:53:36 YAMA/(4284:4284): HOLAAA
[INFO] 23:43:53:40 YAMA/(4284:4284): Archivo de configuracion IP YAMA :  

[INFO] 23:43:53:41 YAMA/(4284:4284): Archivo de configuracion YAMA PUERTO : 160608784 

[INFO] 23:51:38:953 YAMA/(4472:4472): HOLAAA
[ERROR] 23:51:38:953 YAMA/(4472:4472): Muestra Error
[INFO] 23:51:38:953 YAMA/(4472:4472): Archivo de configuracion IP YAMA :  

[INFO] 23:51:38:953 YAMA/(4472:4472): Archivo de configuracion YAMA PUERTO : 143971040 

[INFO] 23:56:30:142 YAMA/(4571:4571): HOLAAA
[ERROR] 23:56:30:142 YAMA/(4571:4571): Muestra Error
[INFO] 23:58:44:794 YAMA/(4628:4628): HOLAAA
[ERROR] 23:58:44:798 YAMA/(4628:4628): Muestra Error
[INFO] 23:58:44:798 YAMA/(4628:4628): Archivo de configuracion IP YAMA :  

[INFO] 23:58:44:799 YAMA/(4628:4628): Archivo de configuracion YAMA PUERTO : 149164768 

[INFO] 10:33:17:785 YAMA/(4999:4999): HOLAAA
[ERROR] 10:33:17:785 YAMA/(4999:4999): Muestra Error
[INFO] 10:33:17:785 YAMA/(4999:4999): Archivo de configuracion IP YAMA : 127.0.0.1 

[INFO] 10:33:17:785 YAMA/(4999:4999): Archivo de configuracion YAMA PUERTO : 5200 

[INFO] 10:41:08:588 YAMA/(5135:5135): HOLAAA
[ERROR] 10:41:08:596 YAMA/(5135:5135): Muestra Error
[INFO] 10:41:08:597 YAMA/(5135:5135): Archivo de configuracion IP YAMA : 127.0.0.1 

[INFO] 10:41:08:597 YAMA/(5135:5135): Archivo de configuracion YAMA PUERTO : 5200 

[INFO] 10:41:52:168 YAMA/(5156:5156): HOLAAA
[ERROR] 10:41:52:170 YAMA/(5156:5156): Muestra Error
[INFO] 10:41:52:170 YAMA/(5156:5156): Archivo de configuracion IP YAMA : 127.0.0.1 

[INFO] 10:41:52:170 YAMA/(5156:5156): Archivo de configuracion YAMA PUERTO : 5200 

[INFO] 16:39:16:22 YAMA/(2569:2569): HOLAAA
[ERROR] 16:39:16:28 YAMA/(2569:2569): Muestra Error
[INFO] 16:39:16:39 YAMA/(2569:2569): Archivo de configuracion IP YAMA : 127.0.0.1 

[INFO] 16:39:16:39 YAMA/(2569:2569): Archivo de configuracion YAMA PUERTO : 5200 

<<<<<<< HEAD
[INFO] 18:34:51:980 YAMA/(5101:5101): HOLAAA
[ERROR] 18:34:51:980 YAMA/(5101:5101): Muestra Error
[INFO] 18:34:51:980 YAMA/(5101:5101): Archivo de configuracion IP YAMA : 127.0.0.1 

[INFO] 18:34:51:980 YAMA/(5101:5101): Archivo de configuracion YAMA PUERTO : 5200 
=======
[INFO] 16:54:56:937 YAMA/(2770:2770): HOLAAA
[ERROR] 16:54:56:943 YAMA/(2770:2770): Muestra Error
[INFO] 16:54:56:943 YAMA/(2770:2770): Archivo de configuracion IP YAMA : 127.0.0.1 

[INFO] 16:54:56:943 YAMA/(2770:2770): Archivo de configuracion YAMA PUERTO : 5200 

[INFO] 16:58:07:782 YAMA/(2797:2797): HOLAAA
[ERROR] 16:58:07:784 YAMA/(2797:2797): Muestra Error
[INFO] 16:58:07:784 YAMA/(2797:2797): Archivo de configuracion IP YAMA : 127.0.0.1 

[INFO] 16:58:07:791 YAMA/(2797:2797): Archivo de configuracion YAMA PUERTO : 5200 

[INFO] 17:49:24:397 YAMA/(3510:3510): HOLAAA
[ERROR] 17:49:24:402 YAMA/(3510:3510): Muestra Error
[INFO] 17:49:24:402 YAMA/(3510:3510): Archivo de configuracion IP YAMA : 127.0.0.1 

[INFO] 17:49:24:402 YAMA/(3510:3510): Archivo de configuracion YAMA PUERTO : 5200 

[INFO] 17:50:55:255 YAMA/(3545:3545): HOLAAA
[ERROR] 17:50:55:255 YAMA/(3545:3545): Muestra Error
[INFO] 17:50:55:256 YAMA/(3545:3545): Archivo de configuracion IP YAMA : 127.0.0.1 

[INFO] 17:50:55:256 YAMA/(3545:3545): Archivo de configuracion YAMA PUERTO : 5200 

[INFO] 17:59:53:716 YAMA/(3605:3605): HOLAAA
[ERROR] 17:59:53:718 YAMA/(3605:3605): Muestra Error
[INFO] 17:59:53:718 YAMA/(3605:3605): Archivo de configuracion IP YAMA : 127.0.0.1 

[INFO] 17:59:53:718 YAMA/(3605:3605): Archivo de configuracion YAMA PUERTO : 5200 

[INFO] 18:03:19:951 YAMA/(3648:3648): HOLAAA
[ERROR] 18:03:19:952 YAMA/(3648:3648): Muestra Error
[INFO] 18:03:19:952 YAMA/(3648:3648): Archivo de configuracion IP YAMA : 127.0.0.1 

[INFO] 18:03:19:952 YAMA/(3648:3648): Archivo de configuracion YAMA PUERTO : 5200 

[INFO] 18:03:19:953 YAMA/(3648:3648): SocketCliente = -1 

[INFO] 18:03:39:519 YAMA/(3689:3689): HOLAAA
[ERROR] 18:03:39:519 YAMA/(3689:3689): Muestra Error
[INFO] 18:03:39:519 YAMA/(3689:3689): Archivo de configuracion IP YAMA : 127.0.0.1 

[INFO] 18:03:39:519 YAMA/(3689:3689): Archivo de configuracion YAMA PUERTO : 5200 

[INFO] 18:03:39:519 YAMA/(3689:3689): SocketCliente = -1 

[INFO] 18:05:03:1 YAMA/(3753:3753): HOLAAA
[ERROR] 18:05:03:1 YAMA/(3753:3753): Muestra Error
[INFO] 18:05:03:1 YAMA/(3753:3753): Archivo de configuracion IP YAMA : 127.0.0.1 

[INFO] 18:05:03:1 YAMA/(3753:3753): Archivo de configuracion YAMA PUERTO : 5200 

[INFO] 18:05:03:2 YAMA/(3753:3753): Se recibio: Hola Masterq·
[INFO] 18:05:03:2 YAMA/(3753:3753): SocketCliente = -1 

[INFO] 18:09:06:442 YAMA/(3810:3810): HOLAAA
[ERROR] 18:09:06:445 YAMA/(3810:3810): Muestra Error
[INFO] 18:09:06:446 YAMA/(3810:3810): Archivo de configuracion IP YAMA : 127.0.0.1 

[INFO] 18:09:06:446 YAMA/(3810:3810): Archivo de configuracion YAMA PUERTO : 5200 

[INFO] 18:09:06:446 YAMA/(3810:3810): Se recibio: Ö¿ì[Ö¿-”Z·Är·
[INFO] 18:09:06:446 YAMA/(3810:3810): SocketCliente = -1 

[INFO] 18:10:10:584 YAMA/(3833:3833): HOLAAA
[ERROR] 18:10:10:584 YAMA/(3833:3833): Muestra Error
[INFO] 18:10:10:584 YAMA/(3833:3833): Archivo de configuracion IP YAMA : 127.0.0.1 

[INFO] 18:10:10:584 YAMA/(3833:3833): Archivo de configuracion YAMA PUERTO : 5200 

[INFO] 18:10:10:584 YAMA/(3833:3833): Se recibio: €¿ì}€¿-T^·ÄÓu·
[INFO] 18:10:10:584 YAMA/(3833:3833): SocketCliente = -1 

[INFO] 18:15:25:654 YAMA/(3893:3893): HOLAAA
[ERROR] 18:15:25:654 YAMA/(3893:3893): Muestra Error
[INFO] 18:15:25:654 YAMA/(3893:3893): Archivo de configuracion IP YAMA : 127.0.0.1 

[INFO] 18:15:25:654 YAMA/(3893:3893): Archivo de configuracion YAMA PUERTO : 5200 

[INFO] 18:15:25:655 YAMA/(3893:3893): Se recibio: Hola MasterÃn·
[INFO] 18:15:25:655 YAMA/(3893:3893): SocketCliente = -1 
>>>>>>> 5cd86e6755c62ed0894043ff4b76832d2c5b3041

[INFO] 22:40:13:661 YAMA/(2454:2454): HOLAAA
[ERROR] 22:40:13:673 YAMA/(2454:2454): Muestra Error
[INFO] 22:40:13:706 YAMA/(2454:2454): Archivo de configuracion IP YAMA : 127.0.0.1 

[INFO] 22:40:13:706 YAMA/(2454:2454): Archivo de configuracion YAMA PUERTO : 5200 

[INFO] 22:40:13:706 YAMA/(2454:2454): Se recibio: Hola Masterók·
[INFO] 22:40:13:706 YAMA/(2454:2454): SocketCliente = -1 

[INFO] 22:51:06:261 YAMA/(2725:2725): Archivo de configuracion IP YAMA : 127.0.0.1 

[INFO] 22:51:06:261 YAMA/(2725:2725): Archivo de configuracion YAMA PUERTO : 5200 

[INFO] 22:51:06:262 YAMA/(2725:2725): SocketCliente = 4 

[INFO] 22:51:06:262 YAMA/(2725:2725): SocketCliente = -1 

[INFO] 22:51:06:262 YAMA/(2725:2725): Se recibio: Hola Master
[INFO] 22:54:10:40 YAMA/(2789:2789): Archivo de configuracion IP YAMA : 127.0.0.1 

[INFO] 22:54:10:42 YAMA/(2789:2789): Archivo de configuracion YAMA PUERTO : 5200 

[INFO] 22:54:10:44 YAMA/(2789:2789): SocketCliente = 4 

[INFO] 22:54:10:44 YAMA/(2789:2789): SocketCliente = -1 

[INFO] 22:54:10:44 YAMA/(2789:2789): Se recibio: Hola Master
[INFO] 22:54:10:44 YAMA/(2789:2789): Se recibio: 8€¿-Z·ÄHola Master
[INFO] 22:55:40:334 YAMA/(2848:2848): Archivo de configuracion IP YAMA : 127.0.0.1 

[INFO] 22:55:40:335 YAMA/(2848:2848): Archivo de configuracion YAMA PUERTO : 5200 

[INFO] 22:55:40:336 YAMA/(2848:2848): SocketCliente = -1 

[INFO] 22:55:40:336 YAMA/(2848:2848): Se recibio: 
[INFO] 22:56:49:328 YAMA/(2883:2883): Archivo de configuracion IP YAMA : 127.0.0.1 

[INFO] 22:56:49:330 YAMA/(2883:2883): Archivo de configuracion YAMA PUERTO : 5300 

[INFO] 22:56:49:330 YAMA/(2883:2883): SocketCliente = -1 

[INFO] 22:56:49:330 YAMA/(2883:2883): Se recibio: 
[INFO] 23:04:00:819 YAMA/(3066:3066): Archivo de configuracion IP YAMA : 127.0.0.1 

[INFO] 23:04:00:819 YAMA/(3066:3066): Archivo de configuracion YAMA PUERTO : 5200 

[INFO] 23:04:00:820 YAMA/(3066:3066): SocketCliente = -1 

[INFO] 23:04:00:820 YAMA/(3066:3066): Se recibio: 
[INFO] 23:10:15:185 YAMA/(3268:3268): Archivo de configuracion IP YAMA : 127.0.0.1 

[INFO] 23:10:15:185 YAMA/(3268:3268): Archivo de configuracion YAMA PUERTO : 5200 

[INFO] 23:10:15:186 YAMA/(3268:3268): SocketCliente = 4 

[INFO] 23:10:15:186 YAMA/(3268:3268): Se recibio: Soy YAMA
[INFO] 23:11:47:738 YAMA/(3363:3363): Archivo de configuracion IP YAMA : 127.0.0.1 

[INFO] 23:11:47:739 YAMA/(3363:3363): Archivo de configuracion YAMA PUERTO : 5200 

[INFO] 23:11:47:740 YAMA/(3363:3363): SocketCliente = 4 

[INFO] 23:11:47:740 YAMA/(3363:3363): SocketCliente = 5 

[INFO] 23:11:47:740 YAMA/(3363:3363): Se recibio: Hola Master
[INFO] 23:11:47:740 YAMA/(3363:3363): Se recibio: Soy YAMAHola Master
[INFO] 23:15:56:572 YAMA/(3418:3418): Archivo de configuracion IP YAMA : 127.0.0.1 

[INFO] 23:15:56:578 YAMA/(3418:3418): Archivo de configuracion YAMA PUERTO : 5200 

[INFO] 23:15:56:579 YAMA/(3418:3418): SocketCliente = 4 

[INFO] 23:15:56:579 YAMA/(3418:3418): SocketCliente = 5 

[INFO] 23:15:56:579 YAMA/(3418:3418): Se recibio: Hola Master
[INFO] 23:15:56:579 YAMA/(3418:3418): Se recibio: Soy YAMAHola Master
[INFO] 13:13:48:52 YAMA/(2784:2784): Archivo de configuracion IP YAMA : 127.0.0.1 

[INFO] 13:13:48:52 YAMA/(2784:2784): Archivo de configuracion YAMA PUERTO : 5200 

[INFO] 13:13:48:53 YAMA/(2784:2784): SocketCliente = -1 

[INFO] 13:13:48:53 YAMA/(2784:2784): SocketCliente = 5 

[INFO] 13:13:48:53 YAMA/(2784:2784): Se recibio: cn·
[INFO] 13:13:48:53 YAMA/(2784:2784): Se recibio: Soy YAMAcn·
